AC183319.3_FG001	AC183319.3_FG001	AC183319.3_FG001	Chr3:37159270-37160060	B73.s	Mo17.s	OK	0	0.78608	1.79769e+308	1.79769e+308	0.100765	0.321646	no
AC185623.4_FG010	AC185623.4_FG010	AC185623.4_FG010	Chr4:157627348-157627609	B73.s	Mo17.s	NOTEST	0	0.708346	1.79769e+308	1.79769e+308	0.100194	1	no
AC186519.4_FG002	AC186519.4_FG002	AC186519.4_FG002	Chr1:258673892-258674273	B73.s	Mo17.s	NOTEST	0	1.08042	1.79769e+308	1.79769e+308	0.101643	1	no
AC191598.3_FG007	AC191598.3_FG007	AC191598.3_FG007	Chr9:150235254-150236603	B73.s	Mo17.s	NOTEST	0	0.120107	1.79769e+308	1.79769e+308	0.158655	1	no
AC193630.3_FG003	AC193630.3_FG003	AC193630.3_FG003	Chr9:19931556-19933396	B73.s	Mo17.s	OK	0	1.25455	1.79769e+308	1.79769e+308	0.102897	0.30329	no
AC194428.3_FG006	AC194428.3_FG006	AC194428.3_FG006	Chr1:5016683-5020549	B73.s	Mo17.s	OK	0	0.146555	1.79769e+308	1.79769e+308	0.100678	0.322437	no
AC194856.3_FG002	AC194856.3_FG002	AC194856.3_FG002	Chr1:116709785-116709992	B73.s	Mo17.s	NOTEST	0	0.419267	1.79769e+308	1.79769e+308	0.158655	1	no
AC195484.3_FG003	AC195484.3_FG003	AC195484.3_FG003	Chr7:93389140-93391776	B73.s	Mo17.s	NOTEST	0	0.107283	1.79769e+308	1.79769e+308	0.10002	1	no
AC198380.3_FG001	AC198380.3_FG001	AC198380.3_FG001	Chr7:101875319-101876777	B73.s	Mo17.s	NOTEST	0	0.458139	1.79769e+308	1.79769e+308	0.100765	1	no
AC199054.3_FG007	AC199054.3_FG007	AC199054.3_FG007	Chr9:120883717-120884155	B73.s	Mo17.s	NOTEST	0	0.135485	1.79769e+308	1.79769e+308	0.158655	1	no
AC202091.4_FG003	AC202091.4_FG003	AC202091.4_FG003	Chr10:25675317-25676240	B73.s	Mo17.s	NOTEST	0	0.0247494	1.79769e+308	1.79769e+308	0.265832	1	no
AC202900.3_FG001	AC202900.3_FG001	AC202900.3_FG001	Chr4:42633505-42634278	B73.s	Mo17.s	OK	0	1.48583	1.79769e+308	1.79769e+308	0.103436	0.293308	no
AC203244.4_FG001	AC203244.4_FG001	AC203244.4_FG001	Chr6:65794078-65796126	B73.s	Mo17.s	NOTEST	0	0.00459755	1.79769e+308	1.79769e+308	0.411532	1	no
AC205605.3_FG002	AC205605.3_FG002	AC205605.3_FG002	Chr6:56220286-56220994	B73.s	Mo17.s	NOTEST	0	0.0600481	1.79769e+308	1.79769e+308	0.219615	1	no
AC207019.3_FG003	AC207019.3_FG003	AC207019.3_FG003	Chr1:252528935-252529737	B73.s	Mo17.s	NOTEST	0	0.196172	1.79769e+308	1.79769e+308	0.0786496	1	no
AC207328.3_FG003	AC207328.3_FG003	AC207328.3_FG003	Chr4:127209792-127210332	B73.s	Mo17.s	OK	0	1.54074	1.79769e+308	1.79769e+308	0.104045	0.283369	no
AC207814.3_FG003	AC207814.3_FG003	AC207814.3_FG003	Chr3:58532608-58535597	B73.s	Mo17.s	OK	0	0.707406	1.79769e+308	1.79769e+308	0.0993016	0.338996	no
AC208221.3_FG002	AC208221.3_FG002	AC208221.3_FG002	Chr2:37901718-37904325	B73.s	Mo17.s	OK	0	0.30134	1.79769e+308	1.79769e+308	0.100194	0.326635	no
AC210616.4_FG005	AC210616.4_FG005	AC210616.4_FG005	Chr4:124279635-124280961	B73.s	Mo17.s	NOTEST	0	0.102301	1.79769e+308	1.79769e+308	0.0786496	1	no
AC213769.3_FG001	AC213769.3_FG001	AC213769.3_FG001	Chr3:202223601-202225170	B73.s	Mo17.s	OK	0	2.7706	1.79769e+308	1.79769e+308	0.0872864	0.325191	no
AC216871.3_FG001	AC216871.3_FG001	AC216871.3_FG001	Chr8:9964928-9968349	B73.s	Mo17.s	NOTEST	0	0.238523	1.79769e+308	1.79769e+308	0.10002	1	no
AC217385.3_FG009	AC217385.3_FG009	AC217385.3_FG009	Chr2:15582699-15584759	B73.s	Mo17.s	NOTEST	0	0.28163	1.79769e+308	1.79769e+308	0.100194	1	no
AC218972.3_FG002	AC218972.3_FG002	AC218972.3_FG002	Chr8:170627968-170629457	B73.s	Mo17.s	NOTEST	0	0.334001	1.79769e+308	1.79769e+308	0.101089	1	no
AC233910.1_FG003	AC233910.1_FG003	AC233910.1_FG003	Chr2:197824369-197825061	B73.s	Mo17.s	OK	0	6.3485	1.79769e+308	1.79769e+308	0.0980238	0.3394	no
AC233953.1_FG003	AC233953.1_FG003	AC233953.1_FG003	Chr8:159456350-159460830	B73.s	Mo17.s	NOTEST	0	0.0194308	1.79769e+308	1.79769e+308	0.281851	1	no
AF466202.2_FG012	AF466202.2_FG012	AF466202.2_FG012	Chr10:138676373-138677343	B73.s	Mo17.s	NOTEST	0	0.182939	1.79769e+308	1.79769e+308	0.110336	1	no
GRMZM2G001447	GRMZM2G001447	GRMZM2G001447	Chr3:229090643-229091481	B73.s	Mo17.s	NOTEST	0	0.0941762	1.79769e+308	1.79769e+308	0.158655	1	no
GRMZM2G001924	GRMZM2G001924	GRMZM2G001924	Chr6:12910404-12916195	B73.s	Mo17.s	OK	0	0.277695	1.79769e+308	1.79769e+308	0.101643	0.312545	no
GRMZM2G004278	GRMZM2G004278	GRMZM2G004278	Chr6:77676597-77678609	B73.s	Mo17.s	OK	0	0.630104	1.79769e+308	1.79769e+308	0.103112	0.299816	no
GRMZM2G005043	GRMZM2G005043	GRMZM2G005043	Chr1:18890738-18891930	B73.s	Mo17.s	OK	0	10.222	1.79769e+308	1.79769e+308	0.0824879	0.316679	no
GRMZM2G006732	GRMZM2G006732	GRMZM2G006732	Chr7:173039715-173042575	B73.s	Mo17.s	OK	0	0.923511	1.79769e+308	1.79769e+308	0.0366781	0.197741	no
GRMZM2G006884	GRMZM2G006884	GRMZM2G006884	Chr9:136583500-136589780	B73.s	Mo17.s	OK	0	2.1851	1.79769e+308	1.79769e+308	0.103932	0.286478	no
GRMZM2G007289	GRMZM2G007289	GRMZM2G007289	Chr4:19819569-19820771	B73.s	Mo17.s	OK	0	0.440102	1.79769e+308	1.79769e+308	0.101089	0.318255	no
GRMZM2G008064	GRMZM2G008064	GRMZM2G008064	Chr1:6422698-6425774	B73.s	Mo17.s	NOTEST	0	0.116749	1.79769e+308	1.79769e+308	0.0786496	1	no
GRMZM2G013481	GRMZM2G013481	GRMZM2G013481	Chr8:161902066-161904983	B73.s	Mo17.s	NOTEST	0	0.0451863	1.79769e+308	1.79769e+308	0.158655	1	no
GRMZM2G014723	GRMZM2G014723	GRMZM2G014723	Chr8:85097050-85103610	B73.s	Mo17.s	NOTEST	0	0.338774	1.79769e+308	1.79769e+308	0.100901	1	no
GRMZM2G015333	GRMZM2G015333	GRMZM2G015333	Chr5:163860542-163861245	B73.s	Mo17.s	NOTEST	0	0.125323	1.79769e+308	1.79769e+308	0.158655	1	no
GRMZM2G015441	GRMZM2G015441	GRMZM2G015441	Chr5:160093190-160123117	B73.s	Mo17.s	OK	0	0.239892	1.79769e+308	1.79769e+308	0.100194	0.326867	no
GRMZM2G015542	GRMZM2G015542	GRMZM2G015542	Chr9:130293816-130297505	B73.s	Mo17.s	NOTEST	0	0.0232699	1.79769e+308	1.79769e+308	0.158655	1	no
GRMZM2G015648	GRMZM2G015648	GRMZM2G015648	Chr9:149425941-149430603	B73.s	Mo17.s	NOTEST	0	0.062919	1.79769e+308	1.79769e+308	0.100194	1	no
GRMZM2G015654	GRMZM2G015654	GRMZM2G015654	Chr7:2614613-2616503	B73.s	Mo17.s	OK	0	4.34595	1.79769e+308	1.79769e+308	0.085919	0.323952	no
GRMZM2G016264	GRMZM2G016264	GRMZM2G016264	Chr10:5398298-5400462	B73.s	Mo17.s	NOTEST	0	0.0391607	1.79769e+308	1.79769e+308	0.158655	1	no
GRMZM2G016434	GRMZM2G016434	GRMZM2G016434	Chr5:166319261-166321982	B73.s	Mo17.s	OK	0	2.73704	1.79769e+308	1.79769e+308	0.0995479	0.33708	no
GRMZM2G018108	GRMZM2G018108	GRMZM2G018108	Chr7:131436731-131438757	B73.s	Mo17.s	OK	0	1.53218	1.79769e+308	1.79769e+308	0.0478389	0.233814	no
GRMZM2G018472	GRMZM2G018472	GRMZM2G018472	Chr1:168411590-168416268	B73.s	Mo17.s	NOTEST	0	0.0561734	1.79769e+308	1.79769e+308	0.158655	1	no
GRMZM2G018523	GRMZM2G018523	GRMZM2G018523	Chr5:168088629-168089352	B73.s	Mo17.s	OK	0	1.08698	1.79769e+308	1.79769e+308	0.102726	0.304872	no
GRMZM2G019626	GRMZM2G019626	GRMZM2G019626	Chr7:31457586-31459609	B73.s	Mo17.s	OK	0	0.411554	1.79769e+308	1.79769e+308	0.103316	0.295811	no
GRMZM2G022904	GRMZM2G022904	GRMZM2G022904	Chr7:109534060-109536623	B73.s	Mo17.s	NOTEST	0	0.568204	1.79769e+308	1.79769e+308	0.0591701	1	no
GRMZM2G023683	GRMZM2G023683	GRMZM2G023683	Chr6:142787196-142788148	B73.s	Mo17.s	NOTEST	0	0.222308	1.79769e+308	1.79769e+308	0.100194	1	no
GRMZM2G023760	GRMZM2G023760	GRMZM2G023760	Chr9:14618516-14618993	B73.s	Mo17.s	NOTEST	0	0.481268	1.79769e+308	1.79769e+308	0.100194	1	no
GRMZM2G026597	GRMZM2G026597	GRMZM2G026597	Chr3:155893851-155895509	B73.s	Mo17.s	NOTEST	0	0.211612	1.79769e+308	1.79769e+308	0.0996064	1	no
GRMZM2G028389	GRMZM2G028389	GRMZM2G028389	Chr1:109891003-109892999	B73.s	Mo17.s	OK	0	1.1694	1.79769e+308	1.79769e+308	0.103434	0.294679	no
GRMZM2G029282	GRMZM2G029282	GRMZM2G029282	Chr8:170352644-170355460	B73.s	Mo17.s	NOTEST	0	0.0630709	1.79769e+308	1.79769e+308	0.158655	1	no
GRMZM2G031278	GRMZM2G031278	GRMZM2G031278	Chr10:8760949-8762558	B73.s	Mo17.s	OK	0	2.76362	1.79769e+308	1.79769e+308	0.0999953	0.329391	no
GRMZM2G031323	GRMZM2G031323	GRMZM2G031323	Chr7:157167149-157168689	B73.s	Mo17.s	OK	0	1.80523	1.79769e+308	1.79769e+308	0.104142	0.282219	no
GRMZM2G031429	GRMZM2G031429	GRMZM2G031429	Chr3:67698586-67702973	B73.s	Mo17.s	NOTEST	0	0.11046	1.79769e+308	1.79769e+308	0.0351857	1	no
GRMZM2G032887	GRMZM2G032887	GRMZM2G032887	Chr3:57230955-57235971	B73.s	Mo17.s	OK	0	18.4861	1.79769e+308	1.79769e+308	0.016554	0.113484	no
GRMZM2G033089	GRMZM2G033089	GRMZM2G033089	Chr4:184155423-184156216	B73.s	Mo17.s	NOTEST	0	0.43137	1.79769e+308	1.79769e+308	0.10002	1	no
GRMZM2G033359	GRMZM2G033359	GRMZM2G033359	Chr3:194424614-194428239	B73.s	Mo17.s	OK	0	1.99986	1.79769e+308	1.79769e+308	0.0928314	0.330391	no
GRMZM2G033801	GRMZM2G033801	GRMZM2G033801	Chr8:165846567-165854739	B73.s	Mo17.s	NOTEST	0	0.0273005	1.79769e+308	1.79769e+308	0.158655	1	no
GRMZM2G034079	GRMZM2G034079	GRMZM2G034079	Chr7:146463612-146471813	B73.s	Mo17.s	OK	0	0.382218	1.79769e+308	1.79769e+308	0.101643	0.312522	no
GRMZM2G034421	GRMZM2G034421	GRMZM2G034421	Chr8:118969409-118971797	B73.s	Mo17.s	NOTEST	0	0.390091	1.79769e+308	1.79769e+308	0.101089	1	no
GRMZM2G035491	GRMZM2G035491	GRMZM2G035491	Chr5:208101804-208103295	B73.s	Mo17.s	NOTEST	0	0.0662311	1.79769e+308	1.79769e+308	0.158655	1	no
GRMZM2G035592	GRMZM2G035592	GRMZM2G035592	Chr6:134408384-134408977	B73.s	Mo17.s	NOTEST	0	0.874151	1.79769e+308	1.79769e+308	0.102038	1	no
GRMZM2G035704	GRMZM2G035704	GRMZM2G035704	Chr4:179709719-179711476	B73.s	Mo17.s	OK	0	9.98426	1.79769e+308	1.79769e+308	0.0644404	0.276784	no
GRMZM2G040175	GRMZM2G040175	GRMZM2G040175	Chr2:214030286-214031270	B73.s	Mo17.s	NOTEST	0	0.301785	1.79769e+308	1.79769e+308	0.100194	1	no
GRMZM2G042776	GRMZM2G042776	GRMZM2G042776	Chr1:163230136-163231312	B73.s	Mo17.s	NOTEST	0	0.0977173	1.79769e+308	1.79769e+308	0.110336	1	no
GRMZM2G044773	GRMZM2G044773	GRMZM2G044773	Chr4:119828395-119829706	B73.s	Mo17.s	OK	0	5.43328	1.79769e+308	1.79769e+308	0.0883611	0.326779	no
GRMZM2G045239	GRMZM2G045239	GRMZM2G045239	Chr8:168021547-168025514	B73.s	Mo17.s	OK	0	0.143352	1.79769e+308	1.79769e+308	0.101141	0.317691	no
GRMZM2G046326	GRMZM2G046326	GRMZM2G046326	Chr3:209915005-209915405	B73.s	Mo17.s	NOTEST	0	0.149235	1.79769e+308	1.79769e+308	0.158655	1	no
GRMZM2G046600	GRMZM2G046600	GRMZM2G046600	Chr7:106073366-106078910	B73.s	Mo17.s	NOTEST	0	0.225495	1.79769e+308	1.79769e+308	0.10002	1	no
GRMZM2G048120	GRMZM2G048120	GRMZM2G048120	Chr6:109310101-109310642	B73.s	Mo17.s	OK	0	2.15285	1.79769e+308	1.79769e+308	0.103434	0.2948	no
GRMZM2G049068	GRMZM2G049068	GRMZM2G049068	Chr2:126448620-126451387	B73.s	Mo17.s	NOTEST	0	0.0481072	1.79769e+308	1.79769e+308	0.110336	1	no
GRMZM2G050709	GRMZM2G050709	GRMZM2G050709	Chr10:4993920-4995904	B73.s	Mo17.s	NOTEST	0	0.0389679	1.79769e+308	1.79769e+308	0.158655	1	no
GRMZM2G051002	GRMZM2G051002	GRMZM2G051002	Chr7:152496793-152502549	B73.s	Mo17.s	NOTEST	0	0.0897642	1.79769e+308	1.79769e+308	0.100194	1	no
GRMZM2G052175	GRMZM2G052175	GRMZM2G052175	Chr2:33537138-33539360	B73.s	Mo17.s	OK	0	2.3989	1.79769e+308	1.79769e+308	0.0999425	0.330428	no
GRMZM2G057011	GRMZM2G057011	GRMZM2G057011	Chr2:180621362-180622626	B73.s	Mo17.s	NOTEST	0	0.0684662	1.79769e+308	1.79769e+308	0.158655	1	no
GRMZM2G057467	GRMZM2G057467	GRMZM2G057467	Chr9:149038705-149039633	B73.s	Mo17.s	NOTEST	0	0.50822	1.79769e+308	1.79769e+308	0.101089	1	no
GRMZM2G057749	GRMZM2G057749	GRMZM2G057749	Chr4:98413886-98415655	B73.s	Mo17.s	OK	0	0.705804	1.79769e+308	1.79769e+308	0.103316	0.29618	no
GRMZM2G058340	GRMZM2G058340	GRMZM2G058340	Chr4:4987906-4992954	B73.s	Mo17.s	OK	0	0.82953	1.79769e+308	1.79769e+308	0.103818	0.288008	no
GRMZM2G060876	GRMZM2G060876	GRMZM2G060876	Chr7:165809812-165810646	B73.s	Mo17.s	NOTEST	0	0.0956794	1.79769e+308	1.79769e+308	0.158655	1	no
GRMZM2G061305	GRMZM2G061305	GRMZM2G061305	Chr3:145561389-145562974	B73.s	Mo17.s	NOTEST	0	0.400257	1.79769e+308	1.79769e+308	0.100765	1	no
GRMZM2G061339	GRMZM2G061339	GRMZM2G061339	Chr8:163386096-163390459	B73.s	Mo17.s	OK	0	0.0789677	1.79769e+308	1.79769e+308	0.101423	0.316316	no
GRMZM2G062052	GRMZM2G062052	GRMZM2G062052	Chr10:126915270-126919128	B73.s	Mo17.s	OK	0	1.8197	1.79769e+308	1.79769e+308	0.0957301	0.335591	no
GRMZM2G063392	GRMZM2G063392	GRMZM2G063392	Chr6:69202641-69207265	B73.s	Mo17.s	OK	0	0.202897	1.79769e+308	1.79769e+308	0.0480402	0.234299	no
GRMZM2G064969	GRMZM2G064969	GRMZM2G064969	Chr4:38957655-38959222	B73.s	Mo17.s	OK	0	6.19786	1.79769e+308	1.79769e+308	0.0823243	0.316551	no
GRMZM2G065144	GRMZM2G065144	GRMZM2G065144	Chr2:224236805-224242062	B73.s	Mo17.s	OK	0	0.287599	1.79769e+308	1.79769e+308	0.102417	0.305096	no
GRMZM2G065344	GRMZM2G065344	GRMZM2G065344	Chr2:162959363-162961059	B73.s	Mo17.s	OK	0	38.7919	1.79769e+308	1.79769e+308	0.0580017	0.261295	no
GRMZM2G066448	GRMZM2G066448	GRMZM2G066448	Chr6:152177132-152180071	B73.s	Mo17.s	NOTEST	0	0.0800393	1.79769e+308	1.79769e+308	0.0524031	1	no
GRMZM2G066700	GRMZM2G066700	GRMZM2G066700	Chr2:131840790-131845746	B73.s	Mo17.s	NOTEST	0	0.0816842	1.79769e+308	1.79769e+308	0.0955354	1	no
GRMZM2G067642	GRMZM2G067642	GRMZM2G067642	Chr3:38442207-38445194	B73.s	Mo17.s	NOTEST	0	0.0657674	1.79769e+308	1.79769e+308	0.158655	1	no
GRMZM2G069932	GRMZM2G069932	GRMZM2G069932	Chr1:284105304-284107530	B73.s	Mo17.s	NOTEST	0	0.133538	1.79769e+308	1.79769e+308	0.100935	1	no
GRMZM2G070079	GRMZM2G070079	GRMZM2G070079	Chr1:199652593-199653291	B73.s	Mo17.s	NOTEST	0	0.132844	1.79769e+308	1.79769e+308	0.158655	1	no
GRMZM2G070462	GRMZM2G070462	GRMZM2G070462	Chr1:68861594-68864615	B73.s	Mo17.s	NOTEST	0	0.199831	1.79769e+308	1.79769e+308	0.0999522	1	no
GRMZM2G073272	GRMZM2G073272	GRMZM2G073272	Chr5:159232313-159233530	B73.s	Mo17.s	NOTEST	0	0.400785	1.79769e+308	1.79769e+308	0.10002	1	no
GRMZM2G075247	GRMZM2G075247	GRMZM2G075247	Chr1:222397884-222402399	B73.s	Mo17.s	OK	0	1.00398	1.79769e+308	1.79769e+308	0.0958931	0.335707	no
GRMZM2G075610	GRMZM2G075610	GRMZM2G075610	Chr8:142532169-142533484	B73.s	Mo17.s	NOTEST	0	0.210755	1.79769e+308	1.79769e+308	0.101089	1	no
GRMZM2G075943	GRMZM2G075943	GRMZM2G075943	Chr3:151193455-151198518	B73.s	Mo17.s	OK	0	3.08174	1.79769e+308	1.79769e+308	0.0914737	0.32893	no
GRMZM2G076056	GRMZM2G076056	GRMZM2G076056	Chr1:56311864-56313512	B73.s	Mo17.s	NOTEST	0	0.0150741	1.79769e+308	1.79769e+308	0.211339	1	no
GRMZM2G076345	GRMZM2G076345	GRMZM2G076345	Chr4:62862468-62863191	B73.s	Mo17.s	NOTEST	0	0.134643	1.79769e+308	1.79769e+308	0.158655	1	no
